2023-01-25T21:37:38.187 application=explorer [info] tx/per day chart: collect records for txs per day stats
2023-01-25T21:37:38.187 application=explorer [info] tx/per day chart: earliest date 2023-01-16 00:00:00Z
2023-01-25T21:37:38.187 application=explorer [info] tx/per day chart: latest date 2023-01-16 23:59:59Z
2023-01-25T21:37:38.217 application=explorer [info] tx/per day chart: collect records for txs per day stats
2023-01-25T21:37:38.218 application=explorer [info] tx/per day chart: earliest date 2023-01-17 00:00:00Z
2023-01-25T21:37:38.218 application=explorer [info] tx/per day chart: latest date 2023-01-17 23:59:59Z
2023-01-25T21:37:38.235 application=explorer [info] tx/per day chart: collect records for txs per day stats
2023-01-25T21:37:38.235 application=explorer [info] tx/per day chart: earliest date 2023-01-18 00:00:00Z
2023-01-25T21:37:38.235 application=explorer [info] tx/per day chart: latest date 2023-01-18 23:59:59Z
2023-01-25T21:37:38.249 application=explorer [info] tx/per day chart: collect records for txs per day stats
2023-01-25T21:37:38.249 application=explorer [info] tx/per day chart: earliest date 2023-01-19 00:00:00Z
2023-01-25T21:37:38.249 application=explorer [info] tx/per day chart: latest date 2023-01-19 23:59:59Z
2023-01-25T21:37:38.261 application=explorer [info] tx/per day chart: collect records for txs per day stats
2023-01-25T21:37:38.261 application=explorer [info] tx/per day chart: earliest date 2023-01-20 00:00:00Z
2023-01-25T21:37:38.261 application=explorer [info] tx/per day chart: latest date 2023-01-20 23:59:59Z
2023-01-25T21:37:38.267 application=explorer [info] tx/per day chart: collect records for txs per day stats
2023-01-25T21:37:38.267 application=explorer [info] tx/per day chart: earliest date 2023-01-21 00:00:00Z
2023-01-25T21:37:38.267 application=explorer [info] tx/per day chart: latest date 2023-01-21 23:59:59Z
2023-01-25T21:37:38.271 application=explorer [info] tx/per day chart: collect records for txs per day stats
2023-01-25T21:37:38.271 application=explorer [info] tx/per day chart: earliest date 2023-01-22 00:00:00Z
2023-01-25T21:37:38.271 application=explorer [info] tx/per day chart: latest date 2023-01-22 23:59:59Z
2023-01-25T21:37:38.275 application=explorer [info] tx/per day chart: collect records for txs per day stats
2023-01-25T21:37:38.275 application=explorer [info] tx/per day chart: earliest date 2023-01-23 00:00:00Z
2023-01-25T21:37:38.275 application=explorer [info] tx/per day chart: latest date 2023-01-23 23:59:59Z
2023-01-25T21:37:38.280 application=explorer [info] tx/per day chart: collect records for txs per day stats
2023-01-25T21:37:38.280 application=explorer [info] tx/per day chart: earliest date 2023-01-24 00:00:00Z
2023-01-25T21:37:38.280 application=explorer [info] tx/per day chart: latest date 2023-01-24 23:59:59Z
2023-01-25T21:37:38.286 application=explorer [info] tx/per day chart: collect records for txs per day stats
2023-01-25T21:37:38.286 application=explorer [info] tx/per day chart: records collected [%{date: ~D[2023-01-24], gas_used: 0, number_of_transactions: 0, total_fee: 0}, %{date: ~D[2023-01-23], gas_used: 0, number_of_transactions: 0, total_fee: 0}, %{date: ~D[2023-01-22], gas_used: 0, number_of_transactions: 0, total_fee: 0}, %{date: ~D[2023-01-21], gas_used: 0, number_of_transactions: 0, total_fee: 0}, %{date: ~D[2023-01-20], gas_used: 0, number_of_transactions: 0, total_fee: 0}, %{date: ~D[2023-01-19], gas_used: 0, number_of_transactions: 0, total_fee: 0}, %{date: ~D[2023-01-18], gas_used: 0, number_of_transactions: 0, total_fee: 0}, %{date: ~D[2023-01-17], gas_used: 0, number_of_transactions: 0, total_fee: 0}, %{date: ~D[2023-01-16], gas_used: 0, number_of_transactions: 0, total_fee: 0}]
2023-01-25T21:37:38.286 application=explorer [info] tx/per day chart: save records
2023-01-25T21:37:38.289 application=explorer [info] tx/per day chart: number of inserted 10
2023-01-25T21:37:45.199 application=explorer [info] tx/per day chart: collect records for txs per day stats
2023-01-25T21:37:45.199 application=explorer [info] tx/per day chart: earliest date 2023-01-16 00:00:00Z
2023-01-25T21:37:45.199 application=explorer [info] tx/per day chart: latest date 2023-01-16 23:59:59Z
2023-01-25T21:37:45.222 application=explorer [info] tx/per day chart: collect records for txs per day stats
2023-01-25T21:37:45.222 application=explorer [info] tx/per day chart: earliest date 2023-01-17 00:00:00Z
2023-01-25T21:37:45.223 application=explorer [info] tx/per day chart: latest date 2023-01-17 23:59:59Z
2023-01-25T21:37:45.239 application=explorer [info] tx/per day chart: collect records for txs per day stats
2023-01-25T21:37:45.239 application=explorer [info] tx/per day chart: earliest date 2023-01-18 00:00:00Z
2023-01-25T21:37:45.239 application=explorer [info] tx/per day chart: latest date 2023-01-18 23:59:59Z
2023-01-25T21:37:45.259 application=explorer [info] tx/per day chart: collect records for txs per day stats
2023-01-25T21:37:45.260 application=explorer [info] tx/per day chart: earliest date 2023-01-19 00:00:00Z
2023-01-25T21:37:45.260 application=explorer [info] tx/per day chart: latest date 2023-01-19 23:59:59Z
2023-01-25T21:37:45.269 application=explorer [info] tx/per day chart: collect records for txs per day stats
2023-01-25T21:37:45.269 application=explorer [info] tx/per day chart: earliest date 2023-01-20 00:00:00Z
2023-01-25T21:37:45.269 application=explorer [info] tx/per day chart: latest date 2023-01-20 23:59:59Z
2023-01-25T21:37:52.527 application=explorer [info] tx/per day chart: collect records for txs per day stats
2023-01-25T21:37:52.527 application=explorer [info] tx/per day chart: earliest date 2023-01-16 00:00:00Z
2023-01-25T21:37:52.527 application=explorer [info] tx/per day chart: latest date 2023-01-16 23:59:59Z
2023-01-25T21:37:52.551 application=explorer [info] tx/per day chart: collect records for txs per day stats
2023-01-25T21:37:52.551 application=explorer [info] tx/per day chart: earliest date 2023-01-17 00:00:00Z
2023-01-25T21:37:52.551 application=explorer [info] tx/per day chart: latest date 2023-01-17 23:59:59Z
2023-01-25T21:37:52.562 application=explorer [info] tx/per day chart: collect records for txs per day stats
2023-01-25T21:37:52.562 application=explorer [info] tx/per day chart: earliest date 2023-01-18 00:00:00Z
2023-01-25T21:37:52.562 application=explorer [info] tx/per day chart: latest date 2023-01-18 23:59:59Z
2023-01-25T21:37:52.571 application=explorer [info] tx/per day chart: collect records for txs per day stats
2023-01-25T21:37:52.571 application=explorer [info] tx/per day chart: earliest date 2023-01-19 00:00:00Z
2023-01-25T21:37:52.571 application=explorer [info] tx/per day chart: latest date 2023-01-19 23:59:59Z
2023-01-25T21:37:52.579 application=explorer [info] tx/per day chart: collect records for txs per day stats
2023-01-25T21:37:52.579 application=explorer [info] tx/per day chart: earliest date 2023-01-20 00:00:00Z
2023-01-25T21:37:52.579 application=explorer [info] tx/per day chart: latest date 2023-01-20 23:59:59Z
2023-01-25T21:37:52.583 application=explorer [info] tx/per day chart: collect records for txs per day stats
2023-01-25T21:37:52.583 application=explorer [info] tx/per day chart: earliest date 2023-01-21 00:00:00Z
2023-01-25T21:37:52.583 application=explorer [info] tx/per day chart: latest date 2023-01-21 23:59:59Z
2023-01-25T21:37:52.589 application=explorer [info] tx/per day chart: collect records for txs per day stats
2023-01-25T21:37:52.589 application=explorer [info] tx/per day chart: earliest date 2023-01-22 00:00:00Z
2023-01-25T21:37:52.589 application=explorer [info] tx/per day chart: latest date 2023-01-22 23:59:59Z
2023-01-25T21:37:52.594 application=explorer [info] tx/per day chart: collect records for txs per day stats
2023-01-25T21:37:52.594 application=explorer [info] tx/per day chart: earliest date 2023-01-23 00:00:00Z
2023-01-25T21:37:52.594 application=explorer [info] tx/per day chart: latest date 2023-01-23 23:59:59Z
2023-01-25T21:37:52.600 application=explorer [info] tx/per day chart: collect records for txs per day stats
2023-01-25T21:37:52.600 application=explorer [info] tx/per day chart: earliest date 2023-01-24 00:00:00Z
2023-01-25T21:37:52.600 application=explorer [info] tx/per day chart: latest date 2023-01-24 23:59:59Z
2023-01-25T21:37:52.606 application=explorer [info] tx/per day chart: collect records for txs per day stats
2023-01-25T21:37:59.800 application=explorer [info] tx/per day chart: collect records for txs per day stats
2023-01-25T21:37:59.800 application=explorer [info] tx/per day chart: earliest date 2023-01-16 00:00:00Z
2023-01-25T21:37:59.800 application=explorer [info] tx/per day chart: latest date 2023-01-16 23:59:59Z
2023-01-25T21:37:59.815 application=explorer [info] tx/per day chart: collect records for txs per day stats
2023-01-25T21:37:59.815 application=explorer [info] tx/per day chart: earliest date 2023-01-17 00:00:00Z
2023-01-25T21:37:59.815 application=explorer [info] tx/per day chart: latest date 2023-01-17 23:59:59Z
2023-01-25T21:37:59.831 application=explorer [info] tx/per day chart: collect records for txs per day stats
2023-01-25T21:37:59.831 application=explorer [info] tx/per day chart: earliest date 2023-01-18 00:00:00Z
2023-01-25T21:37:59.831 application=explorer [info] tx/per day chart: latest date 2023-01-18 23:59:59Z
2023-01-25T21:37:59.841 application=explorer [info] tx/per day chart: collect records for txs per day stats
2023-01-25T21:37:59.841 application=explorer [info] tx/per day chart: earliest date 2023-01-19 00:00:00Z
2023-01-25T21:37:59.842 application=explorer [info] tx/per day chart: latest date 2023-01-19 23:59:59Z
2023-01-25T21:37:59.856 application=explorer [info] tx/per day chart: collect records for txs per day stats
2023-01-25T21:37:59.856 application=explorer [info] tx/per day chart: earliest date 2023-01-20 00:00:00Z
2023-01-25T21:37:59.856 application=explorer [info] tx/per day chart: latest date 2023-01-20 23:59:59Z
2023-01-25T21:37:59.865 application=explorer [info] tx/per day chart: collect records for txs per day stats
2023-01-25T21:37:59.865 application=explorer [info] tx/per day chart: earliest date 2023-01-21 00:00:00Z
2023-01-25T21:37:59.865 application=explorer [info] tx/per day chart: latest date 2023-01-21 23:59:59Z
2023-01-25T21:37:59.884 application=explorer [info] tx/per day chart: collect records for txs per day stats
2023-01-25T21:37:59.884 application=explorer [info] tx/per day chart: earliest date 2023-01-22 00:00:00Z
2023-01-25T21:37:59.884 application=explorer [info] tx/per day chart: latest date 2023-01-22 23:59:59Z
2023-01-25T21:38:07.475 application=explorer [info] tx/per day chart: collect records for txs per day stats
2023-01-25T21:38:07.475 application=explorer [info] tx/per day chart: earliest date 2023-01-16 00:00:00Z
2023-01-25T21:38:07.475 application=explorer [info] tx/per day chart: latest date 2023-01-16 23:59:59Z
2023-01-25T21:38:07.504 application=explorer [info] tx/per day chart: collect records for txs per day stats
2023-01-25T21:38:07.504 application=explorer [info] tx/per day chart: earliest date 2023-01-17 00:00:00Z
2023-01-25T21:38:07.504 application=explorer [info] tx/per day chart: latest date 2023-01-17 23:59:59Z
2023-01-25T21:38:07.517 application=explorer [info] tx/per day chart: collect records for txs per day stats
2023-01-25T21:38:07.517 application=explorer [info] tx/per day chart: earliest date 2023-01-18 00:00:00Z
2023-01-25T21:38:07.517 application=explorer [info] tx/per day chart: latest date 2023-01-18 23:59:59Z
2023-01-25T21:38:07.527 application=explorer [info] tx/per day chart: collect records for txs per day stats
2023-01-25T21:38:07.527 application=explorer [info] tx/per day chart: earliest date 2023-01-19 00:00:00Z
2023-01-25T21:38:07.528 application=explorer [info] tx/per day chart: latest date 2023-01-19 23:59:59Z
2023-01-25T21:38:07.537 application=explorer [info] tx/per day chart: collect records for txs per day stats
2023-01-25T21:38:07.537 application=explorer [info] tx/per day chart: earliest date 2023-01-20 00:00:00Z
2023-01-25T21:38:07.537 application=explorer [info] tx/per day chart: latest date 2023-01-20 23:59:59Z
2023-01-25T21:38:07.542 application=explorer [info] tx/per day chart: collect records for txs per day stats
2023-01-25T21:38:07.542 application=explorer [info] tx/per day chart: earliest date 2023-01-21 00:00:00Z
2023-01-25T21:38:07.542 application=explorer [info] tx/per day chart: latest date 2023-01-21 23:59:59Z
2023-01-25T21:38:07.550 application=explorer [info] tx/per day chart: collect records for txs per day stats
2023-01-25T21:38:07.550 application=explorer [info] tx/per day chart: earliest date 2023-01-22 00:00:00Z
2023-01-25T21:38:07.550 application=explorer [info] tx/per day chart: latest date 2023-01-22 23:59:59Z
2023-01-25T21:38:07.555 application=explorer [info] tx/per day chart: collect records for txs per day stats
2023-01-25T21:38:07.556 application=explorer [info] tx/per day chart: earliest date 2023-01-23 00:00:00Z
2023-01-25T21:38:07.556 application=explorer [info] tx/per day chart: latest date 2023-01-23 23:59:59Z
2023-01-25T21:38:07.560 application=explorer [info] tx/per day chart: collect records for txs per day stats
2023-01-25T21:38:07.560 application=explorer [info] tx/per day chart: earliest date 2023-01-24 00:00:00Z
2023-01-25T21:38:07.560 application=explorer [info] tx/per day chart: latest date 2023-01-24 23:59:59Z
2023-01-25T21:38:15.830 application=explorer [info] tx/per day chart: collect records for txs per day stats
2023-01-25T21:38:15.830 application=explorer [info] tx/per day chart: earliest date 2023-01-16 00:00:00Z
2023-01-25T21:38:15.830 application=explorer [info] tx/per day chart: latest date 2023-01-16 23:59:59Z
2023-01-25T21:38:15.847 application=explorer [info] tx/per day chart: collect records for txs per day stats
2023-01-25T21:38:15.847 application=explorer [info] tx/per day chart: earliest date 2023-01-17 00:00:00Z
2023-01-25T21:38:15.847 application=explorer [info] tx/per day chart: latest date 2023-01-17 23:59:59Z
2023-01-25T21:38:15.858 application=explorer [info] tx/per day chart: collect records for txs per day stats
2023-01-25T21:38:15.858 application=explorer [info] tx/per day chart: earliest date 2023-01-18 00:00:00Z
2023-01-25T21:38:15.858 application=explorer [info] tx/per day chart: latest date 2023-01-18 23:59:59Z
2023-01-25T21:38:15.867 application=explorer [info] tx/per day chart: collect records for txs per day stats
2023-01-25T21:38:15.867 application=explorer [info] tx/per day chart: earliest date 2023-01-19 00:00:00Z
2023-01-25T21:38:15.867 application=explorer [info] tx/per day chart: latest date 2023-01-19 23:59:59Z
2023-01-25T21:38:15.875 application=explorer [info] tx/per day chart: collect records for txs per day stats
2023-01-25T21:38:15.875 application=explorer [info] tx/per day chart: earliest date 2023-01-20 00:00:00Z
2023-01-25T21:38:15.875 application=explorer [info] tx/per day chart: latest date 2023-01-20 23:59:59Z
2023-01-25T21:38:15.882 application=explorer [info] tx/per day chart: collect records for txs per day stats
2023-01-25T21:38:15.882 application=explorer [info] tx/per day chart: earliest date 2023-01-21 00:00:00Z
2023-01-25T21:38:15.882 application=explorer [info] tx/per day chart: latest date 2023-01-21 23:59:59Z
2023-01-25T21:38:15.889 application=explorer [info] tx/per day chart: collect records for txs per day stats
2023-01-25T21:38:15.889 application=explorer [info] tx/per day chart: earliest date 2023-01-22 00:00:00Z
2023-01-25T21:38:15.889 application=explorer [info] tx/per day chart: latest date 2023-01-22 23:59:59Z
2023-01-25T21:38:15.894 application=explorer [info] tx/per day chart: collect records for txs per day stats
2023-01-25T21:38:15.894 application=explorer [info] tx/per day chart: earliest date 2023-01-23 00:00:00Z
2023-01-25T21:38:15.894 application=explorer [info] tx/per day chart: latest date 2023-01-23 23:59:59Z
2023-01-25T21:38:15.898 application=explorer [info] tx/per day chart: collect records for txs per day stats
2023-01-25T21:38:15.899 application=explorer [info] tx/per day chart: earliest date 2023-01-24 00:00:00Z
2023-01-25T21:38:15.899 application=explorer [info] tx/per day chart: latest date 2023-01-24 23:59:59Z
2023-01-25T21:43:14.445 application=explorer [info] tx/per day chart: collect records for txs per day stats
2023-01-25T21:43:14.446 application=explorer [info] tx/per day chart: earliest date 2023-01-16 00:00:00Z
2023-01-25T21:43:14.446 application=explorer [info] tx/per day chart: latest date 2023-01-16 23:59:59Z
2023-01-25T21:43:14.463 application=explorer [info] tx/per day chart: collect records for txs per day stats
2023-01-25T21:43:14.463 application=explorer [info] tx/per day chart: earliest date 2023-01-17 00:00:00Z
2023-01-25T21:43:14.463 application=explorer [info] tx/per day chart: latest date 2023-01-17 23:59:59Z
2023-01-25T21:43:14.489 application=explorer [info] tx/per day chart: collect records for txs per day stats
2023-01-25T21:43:14.489 application=explorer [info] tx/per day chart: earliest date 2023-01-18 00:00:00Z
2023-01-25T21:43:14.489 application=explorer [info] tx/per day chart: latest date 2023-01-18 23:59:59Z
2023-01-25T21:43:14.501 application=explorer [info] tx/per day chart: collect records for txs per day stats
2023-01-25T21:43:14.501 application=explorer [info] tx/per day chart: earliest date 2023-01-19 00:00:00Z
2023-01-25T21:43:14.501 application=explorer [info] tx/per day chart: latest date 2023-01-19 23:59:59Z
2023-01-25T21:43:14.510 application=explorer [info] tx/per day chart: collect records for txs per day stats
2023-01-25T21:43:14.510 application=explorer [info] tx/per day chart: earliest date 2023-01-20 00:00:00Z
2023-01-25T21:43:14.510 application=explorer [info] tx/per day chart: latest date 2023-01-20 23:59:59Z
2023-01-25T21:43:14.516 application=explorer [info] tx/per day chart: collect records for txs per day stats
2023-01-25T21:43:14.516 application=explorer [info] tx/per day chart: earliest date 2023-01-21 00:00:00Z
2023-01-25T21:43:14.516 application=explorer [info] tx/per day chart: latest date 2023-01-21 23:59:59Z
2023-01-25T21:43:14.524 application=explorer [info] tx/per day chart: collect records for txs per day stats
2023-01-25T21:43:14.524 application=explorer [info] tx/per day chart: earliest date 2023-01-22 00:00:00Z
2023-01-25T21:43:14.524 application=explorer [info] tx/per day chart: latest date 2023-01-22 23:59:59Z
2023-01-25T21:43:14.531 application=explorer [info] tx/per day chart: collect records for txs per day stats
2023-01-25T21:43:14.531 application=explorer [info] tx/per day chart: earliest date 2023-01-23 00:00:00Z
2023-01-25T21:43:14.531 application=explorer [info] tx/per day chart: latest date 2023-01-23 23:59:59Z
2023-01-25T21:43:14.536 application=explorer [info] tx/per day chart: collect records for txs per day stats
2023-01-25T21:43:14.536 application=explorer [info] tx/per day chart: earliest date 2023-01-24 00:00:00Z
2023-01-25T21:43:14.536 application=explorer [info] tx/per day chart: latest date 2023-01-24 23:59:59Z
2023-01-25T21:43:14.543 application=explorer [info] tx/per day chart: collect records for txs per day stats
2023-01-25T21:43:14.543 application=explorer [info] tx/per day chart: records collected [%{date: ~D[2023-01-24], gas_used: 0, number_of_transactions: 0, total_fee: 0}, %{date: ~D[2023-01-23], gas_used: 0, number_of_transactions: 0, total_fee: 0}, %{date: ~D[2023-01-22], gas_used: 0, number_of_transactions: 0, total_fee: 0}, %{date: ~D[2023-01-21], gas_used: 0, number_of_transactions: 0, total_fee: 0}, %{date: ~D[2023-01-20], gas_used: 0, number_of_transactions: 0, total_fee: 0}, %{date: ~D[2023-01-19], gas_used: 0, number_of_transactions: 0, total_fee: 0}, %{date: ~D[2023-01-18], gas_used: 0, number_of_transactions: 0, total_fee: 0}, %{date: ~D[2023-01-17], gas_used: 0, number_of_transactions: 0, total_fee: 0}, %{date: ~D[2023-01-16], gas_used: 0, number_of_transactions: 0, total_fee: 0}]
2023-01-25T21:43:14.543 application=explorer [info] tx/per day chart: save records
2023-01-25T21:43:14.548 application=explorer [info] tx/per day chart: number of inserted 10
2023-01-25T21:56:37.142 application=explorer [info] tx/per day chart: collect records for txs per day stats
2023-01-25T21:56:37.142 application=explorer [info] tx/per day chart: earliest date 2023-01-16 00:00:00Z
2023-01-25T21:56:37.142 application=explorer [info] tx/per day chart: latest date 2023-01-16 23:59:59Z
2023-01-25T21:56:37.158 application=explorer [info] tx/per day chart: collect records for txs per day stats
2023-01-25T21:56:37.158 application=explorer [info] tx/per day chart: earliest date 2023-01-17 00:00:00Z
2023-01-25T21:56:37.158 application=explorer [info] tx/per day chart: latest date 2023-01-17 23:59:59Z
2023-01-25T21:56:37.196 application=explorer [info] tx/per day chart: collect records for txs per day stats
2023-01-25T21:56:37.196 application=explorer [info] tx/per day chart: earliest date 2023-01-18 00:00:00Z
2023-01-25T21:56:37.196 application=explorer [info] tx/per day chart: latest date 2023-01-18 23:59:59Z
2023-01-25T21:56:37.207 application=explorer [info] tx/per day chart: collect records for txs per day stats
2023-01-25T21:56:37.207 application=explorer [info] tx/per day chart: earliest date 2023-01-19 00:00:00Z
2023-01-25T21:56:37.207 application=explorer [info] tx/per day chart: latest date 2023-01-19 23:59:59Z
2023-01-25T21:56:37.216 application=explorer [info] tx/per day chart: collect records for txs per day stats
2023-01-25T21:56:37.216 application=explorer [info] tx/per day chart: earliest date 2023-01-20 00:00:00Z
2023-01-25T21:56:37.216 application=explorer [info] tx/per day chart: latest date 2023-01-20 23:59:59Z
2023-01-25T21:56:37.227 application=explorer [info] tx/per day chart: collect records for txs per day stats
2023-01-25T21:56:37.227 application=explorer [info] tx/per day chart: earliest date 2023-01-21 00:00:00Z
2023-01-25T21:56:37.227 application=explorer [info] tx/per day chart: latest date 2023-01-21 23:59:59Z
2023-01-25T21:56:37.236 application=explorer [info] tx/per day chart: collect records for txs per day stats
2023-01-25T21:56:37.236 application=explorer [info] tx/per day chart: earliest date 2023-01-22 00:00:00Z
2023-01-25T21:56:37.236 application=explorer [info] tx/per day chart: latest date 2023-01-22 23:59:59Z
2023-01-25T21:56:37.247 application=explorer [info] tx/per day chart: collect records for txs per day stats
2023-01-25T21:56:37.247 application=explorer [info] tx/per day chart: earliest date 2023-01-23 00:00:00Z
2023-01-25T21:56:37.247 application=explorer [info] tx/per day chart: latest date 2023-01-23 23:59:59Z
2023-01-25T21:56:37.261 application=explorer [info] tx/per day chart: collect records for txs per day stats
2023-01-25T21:56:37.261 application=explorer [info] tx/per day chart: earliest date 2023-01-24 00:00:00Z
2023-01-25T21:56:37.261 application=explorer [info] tx/per day chart: latest date 2023-01-24 23:59:59Z
2023-01-25T21:56:37.268 application=explorer [info] tx/per day chart: collect records for txs per day stats
2023-01-25T21:56:37.269 application=explorer [info] tx/per day chart: records collected [%{date: ~D[2023-01-24], gas_used: 0, number_of_transactions: 0, total_fee: 0}, %{date: ~D[2023-01-23], gas_used: 0, number_of_transactions: 0, total_fee: 0}, %{date: ~D[2023-01-22], gas_used: 0, number_of_transactions: 0, total_fee: 0}, %{date: ~D[2023-01-21], gas_used: 0, number_of_transactions: 0, total_fee: 0}, %{date: ~D[2023-01-20], gas_used: 0, number_of_transactions: 0, total_fee: 0}, %{date: ~D[2023-01-19], gas_used: 0, number_of_transactions: 0, total_fee: 0}, %{date: ~D[2023-01-18], gas_used: 0, number_of_transactions: 0, total_fee: 0}, %{date: ~D[2023-01-17], gas_used: 0, number_of_transactions: 0, total_fee: 0}, %{date: ~D[2023-01-16], gas_used: 0, number_of_transactions: 0, total_fee: 0}]
2023-01-25T21:56:37.269 application=explorer [info] tx/per day chart: save records
2023-01-25T21:56:37.272 application=explorer [info] tx/per day chart: number of inserted 10
2023-01-25T21:58:37.141 application=explorer [warn] Failed to fetch genesis data. Chain spec path is not set.
2023-01-25T21:59:49.780 application=explorer [info] tx/per day chart: collect records for txs per day stats
2023-01-25T21:59:49.780 application=explorer [info] tx/per day chart: earliest date 2023-01-16 00:00:00Z
2023-01-25T21:59:49.780 application=explorer [info] tx/per day chart: latest date 2023-01-16 23:59:59Z
2023-01-25T21:59:49.792 application=explorer [info] tx/per day chart: collect records for txs per day stats
2023-01-25T21:59:49.792 application=explorer [info] tx/per day chart: earliest date 2023-01-17 00:00:00Z
2023-01-25T21:59:49.792 application=explorer [info] tx/per day chart: latest date 2023-01-17 23:59:59Z
2023-01-25T21:59:49.805 application=explorer [info] tx/per day chart: collect records for txs per day stats
2023-01-25T21:59:49.806 application=explorer [info] tx/per day chart: earliest date 2023-01-18 00:00:00Z
2023-01-25T21:59:49.806 application=explorer [info] tx/per day chart: latest date 2023-01-18 23:59:59Z
2023-01-25T21:59:49.815 application=explorer [info] tx/per day chart: collect records for txs per day stats
2023-01-25T21:59:49.815 application=explorer [info] tx/per day chart: earliest date 2023-01-19 00:00:00Z
2023-01-25T21:59:49.815 application=explorer [info] tx/per day chart: latest date 2023-01-19 23:59:59Z
2023-01-25T21:59:49.826 application=explorer [info] tx/per day chart: collect records for txs per day stats
2023-01-25T21:59:49.826 application=explorer [info] tx/per day chart: earliest date 2023-01-20 00:00:00Z
2023-01-25T21:59:49.826 application=explorer [info] tx/per day chart: latest date 2023-01-20 23:59:59Z
2023-01-25T21:59:49.835 application=explorer [info] tx/per day chart: collect records for txs per day stats
2023-01-25T21:59:49.835 application=explorer [info] tx/per day chart: earliest date 2023-01-21 00:00:00Z
2023-01-25T21:59:49.835 application=explorer [info] tx/per day chart: latest date 2023-01-21 23:59:59Z
2023-01-25T21:59:49.840 application=explorer [info] tx/per day chart: collect records for txs per day stats
2023-01-25T21:59:49.841 application=explorer [info] tx/per day chart: earliest date 2023-01-22 00:00:00Z
2023-01-25T21:59:49.841 application=explorer [info] tx/per day chart: latest date 2023-01-22 23:59:59Z
2023-01-25T21:59:49.847 application=explorer [info] tx/per day chart: collect records for txs per day stats
2023-01-25T21:59:49.847 application=explorer [info] tx/per day chart: earliest date 2023-01-23 00:00:00Z
2023-01-25T21:59:49.847 application=explorer [info] tx/per day chart: latest date 2023-01-23 23:59:59Z
2023-01-25T21:59:49.855 application=explorer [info] tx/per day chart: collect records for txs per day stats
2023-01-25T21:59:49.855 application=explorer [info] tx/per day chart: earliest date 2023-01-24 00:00:00Z
2023-01-25T21:59:49.855 application=explorer [info] tx/per day chart: latest date 2023-01-24 23:59:59Z
2023-01-25T21:59:49.861 application=explorer [info] tx/per day chart: collect records for txs per day stats
2023-01-25T21:59:49.861 application=explorer [info] tx/per day chart: records collected [%{date: ~D[2023-01-24], gas_used: 0, number_of_transactions: 0, total_fee: 0}, %{date: ~D[2023-01-23], gas_used: 0, number_of_transactions: 0, total_fee: 0}, %{date: ~D[2023-01-22], gas_used: 0, number_of_transactions: 0, total_fee: 0}, %{date: ~D[2023-01-21], gas_used: 0, number_of_transactions: 0, total_fee: 0}, %{date: ~D[2023-01-20], gas_used: 0, number_of_transactions: 0, total_fee: 0}, %{date: ~D[2023-01-19], gas_used: 0, number_of_transactions: 0, total_fee: 0}, %{date: ~D[2023-01-18], gas_used: 0, number_of_transactions: 0, total_fee: 0}, %{date: ~D[2023-01-17], gas_used: 0, number_of_transactions: 0, total_fee: 0}, %{date: ~D[2023-01-16], gas_used: 0, number_of_transactions: 0, total_fee: 0}]
2023-01-25T21:59:56.874 application=explorer [info] tx/per day chart: collect records for txs per day stats
2023-01-25T21:59:56.874 application=explorer [info] tx/per day chart: earliest date 2023-01-16 00:00:00Z
2023-01-25T21:59:56.874 application=explorer [info] tx/per day chart: latest date 2023-01-16 23:59:59Z
2023-01-25T21:59:56.895 application=explorer [info] tx/per day chart: collect records for txs per day stats
2023-01-25T21:59:56.895 application=explorer [info] tx/per day chart: earliest date 2023-01-17 00:00:00Z
2023-01-25T21:59:56.895 application=explorer [info] tx/per day chart: latest date 2023-01-17 23:59:59Z
2023-01-25T21:59:56.911 application=explorer [info] tx/per day chart: collect records for txs per day stats
2023-01-25T21:59:56.911 application=explorer [info] tx/per day chart: earliest date 2023-01-18 00:00:00Z
2023-01-25T21:59:56.911 application=explorer [info] tx/per day chart: latest date 2023-01-18 23:59:59Z
2023-01-25T21:59:56.920 application=explorer [info] tx/per day chart: collect records for txs per day stats
2023-01-25T21:59:56.920 application=explorer [info] tx/per day chart: earliest date 2023-01-19 00:00:00Z
2023-01-25T21:59:56.920 application=explorer [info] tx/per day chart: latest date 2023-01-19 23:59:59Z
2023-01-25T21:59:56.927 application=explorer [info] tx/per day chart: collect records for txs per day stats
2023-01-25T21:59:56.927 application=explorer [info] tx/per day chart: earliest date 2023-01-20 00:00:00Z
2023-01-25T21:59:56.927 application=explorer [info] tx/per day chart: latest date 2023-01-20 23:59:59Z
2023-01-25T21:59:56.935 application=explorer [info] tx/per day chart: collect records for txs per day stats
2023-01-25T21:59:56.935 application=explorer [info] tx/per day chart: earliest date 2023-01-21 00:00:00Z
2023-01-25T21:59:56.935 application=explorer [info] tx/per day chart: latest date 2023-01-21 23:59:59Z
2023-01-25T21:59:56.941 application=explorer [info] tx/per day chart: collect records for txs per day stats
2023-01-25T21:59:56.941 application=explorer [info] tx/per day chart: earliest date 2023-01-22 00:00:00Z
2023-01-25T21:59:56.941 application=explorer [info] tx/per day chart: latest date 2023-01-22 23:59:59Z
2023-01-25T21:59:56.948 application=explorer [info] tx/per day chart: collect records for txs per day stats
2023-01-25T21:59:56.948 application=explorer [info] tx/per day chart: earliest date 2023-01-23 00:00:00Z
2023-01-25T21:59:56.948 application=explorer [info] tx/per day chart: latest date 2023-01-23 23:59:59Z
2023-01-25T21:59:56.953 application=explorer [info] tx/per day chart: collect records for txs per day stats
2023-01-25T21:59:56.953 application=explorer [info] tx/per day chart: earliest date 2023-01-24 00:00:00Z
2023-01-25T21:59:56.953 application=explorer [info] tx/per day chart: latest date 2023-01-24 23:59:59Z
2023-01-25T22:00:04.142 application=explorer [info] tx/per day chart: collect records for txs per day stats
2023-01-25T22:00:04.142 application=explorer [info] tx/per day chart: earliest date 2023-01-16 00:00:00Z
2023-01-25T22:00:04.142 application=explorer [info] tx/per day chart: latest date 2023-01-16 23:59:59Z
2023-01-25T22:00:04.174 application=explorer [info] tx/per day chart: collect records for txs per day stats
2023-01-25T22:00:04.174 application=explorer [info] tx/per day chart: earliest date 2023-01-17 00:00:00Z
2023-01-25T22:00:04.174 application=explorer [info] tx/per day chart: latest date 2023-01-17 23:59:59Z
2023-01-25T22:00:04.184 application=explorer [info] tx/per day chart: collect records for txs per day stats
2023-01-25T22:00:04.184 application=explorer [info] tx/per day chart: earliest date 2023-01-18 00:00:00Z
2023-01-25T22:00:04.184 application=explorer [info] tx/per day chart: latest date 2023-01-18 23:59:59Z
2023-01-25T22:00:04.194 application=explorer [info] tx/per day chart: collect records for txs per day stats
2023-01-25T22:00:04.194 application=explorer [info] tx/per day chart: earliest date 2023-01-19 00:00:00Z
2023-01-25T22:00:04.194 application=explorer [info] tx/per day chart: latest date 2023-01-19 23:59:59Z
2023-01-25T22:00:04.202 application=explorer [info] tx/per day chart: collect records for txs per day stats
2023-01-25T22:00:04.202 application=explorer [info] tx/per day chart: earliest date 2023-01-20 00:00:00Z
2023-01-25T22:00:04.202 application=explorer [info] tx/per day chart: latest date 2023-01-20 23:59:59Z
2023-01-25T22:00:04.208 application=explorer [info] tx/per day chart: collect records for txs per day stats
2023-01-25T22:00:04.208 application=explorer [info] tx/per day chart: earliest date 2023-01-21 00:00:00Z
2023-01-25T22:00:04.208 application=explorer [info] tx/per day chart: latest date 2023-01-21 23:59:59Z
2023-01-25T22:00:04.214 application=explorer [info] tx/per day chart: collect records for txs per day stats
2023-01-25T22:00:04.214 application=explorer [info] tx/per day chart: earliest date 2023-01-22 00:00:00Z
2023-01-25T22:00:04.214 application=explorer [info] tx/per day chart: latest date 2023-01-22 23:59:59Z
2023-01-25T22:00:11.897 application=explorer [info] tx/per day chart: collect records for txs per day stats
2023-01-25T22:00:11.897 application=explorer [info] tx/per day chart: earliest date 2023-01-16 00:00:00Z
2023-01-25T22:00:11.897 application=explorer [info] tx/per day chart: latest date 2023-01-16 23:59:59Z
2023-01-25T22:00:11.925 application=explorer [info] tx/per day chart: collect records for txs per day stats
2023-01-25T22:00:11.925 application=explorer [info] tx/per day chart: earliest date 2023-01-17 00:00:00Z
2023-01-25T22:00:11.926 application=explorer [info] tx/per day chart: latest date 2023-01-17 23:59:59Z
2023-01-25T22:00:11.934 application=explorer [info] tx/per day chart: collect records for txs per day stats
2023-01-25T22:00:11.934 application=explorer [info] tx/per day chart: earliest date 2023-01-18 00:00:00Z
2023-01-25T22:00:11.934 application=explorer [info] tx/per day chart: latest date 2023-01-18 23:59:59Z
2023-01-25T22:00:11.943 application=explorer [info] tx/per day chart: collect records for txs per day stats
2023-01-25T22:00:11.943 application=explorer [info] tx/per day chart: earliest date 2023-01-19 00:00:00Z
2023-01-25T22:00:11.943 application=explorer [info] tx/per day chart: latest date 2023-01-19 23:59:59Z
2023-01-25T22:00:11.952 application=explorer [info] tx/per day chart: collect records for txs per day stats
2023-01-25T22:00:11.952 application=explorer [info] tx/per day chart: earliest date 2023-01-20 00:00:00Z
2023-01-25T22:00:11.952 application=explorer [info] tx/per day chart: latest date 2023-01-20 23:59:59Z
2023-01-25T22:00:11.959 application=explorer [info] tx/per day chart: collect records for txs per day stats
2023-01-25T22:00:11.959 application=explorer [info] tx/per day chart: earliest date 2023-01-21 00:00:00Z
2023-01-25T22:00:11.959 application=explorer [info] tx/per day chart: latest date 2023-01-21 23:59:59Z
2023-01-25T22:00:11.968 application=explorer [info] tx/per day chart: collect records for txs per day stats
2023-01-25T22:00:11.968 application=explorer [info] tx/per day chart: earliest date 2023-01-22 00:00:00Z
2023-01-25T22:00:11.968 application=explorer [info] tx/per day chart: latest date 2023-01-22 23:59:59Z
2023-01-25T22:00:11.974 application=explorer [info] tx/per day chart: collect records for txs per day stats
2023-01-25T22:00:11.974 application=explorer [info] tx/per day chart: earliest date 2023-01-23 00:00:00Z
2023-01-25T22:00:11.974 application=explorer [info] tx/per day chart: latest date 2023-01-23 23:59:59Z
2023-01-25T22:00:20.577 application=explorer [info] tx/per day chart: collect records for txs per day stats
2023-01-25T22:00:20.577 application=explorer [info] tx/per day chart: earliest date 2023-01-16 00:00:00Z
2023-01-25T22:00:20.577 application=explorer [info] tx/per day chart: latest date 2023-01-16 23:59:59Z
2023-01-25T22:00:20.608 application=explorer [info] tx/per day chart: collect records for txs per day stats
2023-01-25T22:00:20.608 application=explorer [info] tx/per day chart: earliest date 2023-01-17 00:00:00Z
2023-01-25T22:00:20.608 application=explorer [info] tx/per day chart: latest date 2023-01-17 23:59:59Z
2023-01-25T22:00:20.623 application=explorer [info] tx/per day chart: collect records for txs per day stats
2023-01-25T22:00:20.623 application=explorer [info] tx/per day chart: earliest date 2023-01-18 00:00:00Z
2023-01-25T22:00:20.623 application=explorer [info] tx/per day chart: latest date 2023-01-18 23:59:59Z
2023-01-25T22:00:20.631 application=explorer [info] tx/per day chart: collect records for txs per day stats
2023-01-25T22:00:20.631 application=explorer [info] tx/per day chart: earliest date 2023-01-19 00:00:00Z
2023-01-25T22:00:20.631 application=explorer [info] tx/per day chart: latest date 2023-01-19 23:59:59Z
2023-01-25T22:00:20.641 application=explorer [info] tx/per day chart: collect records for txs per day stats
2023-01-25T22:00:20.641 application=explorer [info] tx/per day chart: earliest date 2023-01-20 00:00:00Z
2023-01-25T22:00:20.641 application=explorer [info] tx/per day chart: latest date 2023-01-20 23:59:59Z
2023-01-25T22:00:20.646 application=explorer [info] tx/per day chart: collect records for txs per day stats
2023-01-25T22:00:20.646 application=explorer [info] tx/per day chart: earliest date 2023-01-21 00:00:00Z
2023-01-25T22:00:20.646 application=explorer [info] tx/per day chart: latest date 2023-01-21 23:59:59Z
2023-01-25T22:00:20.654 application=explorer [info] tx/per day chart: collect records for txs per day stats
2023-01-25T22:00:20.655 application=explorer [info] tx/per day chart: earliest date 2023-01-22 00:00:00Z
2023-01-25T22:00:20.655 application=explorer [info] tx/per day chart: latest date 2023-01-22 23:59:59Z
2023-01-25T22:00:20.662 application=explorer [info] tx/per day chart: collect records for txs per day stats
2023-01-25T22:00:20.662 application=explorer [info] tx/per day chart: earliest date 2023-01-23 00:00:00Z
2023-01-25T22:00:20.662 application=explorer [info] tx/per day chart: latest date 2023-01-23 23:59:59Z
2023-01-25T22:00:20.667 application=explorer [info] tx/per day chart: collect records for txs per day stats
2023-01-25T22:00:20.667 application=explorer [info] tx/per day chart: earliest date 2023-01-24 00:00:00Z
2023-01-25T22:00:20.667 application=explorer [info] tx/per day chart: latest date 2023-01-24 23:59:59Z
2023-01-25T22:00:30.925 application=explorer [info] tx/per day chart: collect records for txs per day stats
2023-01-25T22:00:30.925 application=explorer [info] tx/per day chart: earliest date 2023-01-16 00:00:00Z
2023-01-25T22:00:30.925 application=explorer [info] tx/per day chart: latest date 2023-01-16 23:59:59Z
2023-01-25T22:00:30.937 application=explorer [info] tx/per day chart: collect records for txs per day stats
2023-01-25T22:00:30.937 application=explorer [info] tx/per day chart: earliest date 2023-01-17 00:00:00Z
2023-01-25T22:00:30.937 application=explorer [info] tx/per day chart: latest date 2023-01-17 23:59:59Z
2023-01-25T22:00:30.951 application=explorer [info] tx/per day chart: collect records for txs per day stats
2023-01-25T22:00:30.951 application=explorer [info] tx/per day chart: earliest date 2023-01-18 00:00:00Z
2023-01-25T22:00:30.951 application=explorer [info] tx/per day chart: latest date 2023-01-18 23:59:59Z
2023-01-25T22:00:30.964 application=explorer [info] tx/per day chart: collect records for txs per day stats
2023-01-25T22:00:30.964 application=explorer [info] tx/per day chart: earliest date 2023-01-19 00:00:00Z
2023-01-25T22:00:30.964 application=explorer [info] tx/per day chart: latest date 2023-01-19 23:59:59Z
2023-01-25T22:00:30.977 application=explorer [info] tx/per day chart: collect records for txs per day stats
2023-01-25T22:00:30.977 application=explorer [info] tx/per day chart: earliest date 2023-01-20 00:00:00Z
2023-01-25T22:00:30.977 application=explorer [info] tx/per day chart: latest date 2023-01-20 23:59:59Z
2023-01-25T22:00:30.990 application=explorer [info] tx/per day chart: collect records for txs per day stats
2023-01-25T22:00:30.990 application=explorer [info] tx/per day chart: earliest date 2023-01-21 00:00:00Z
2023-01-25T22:00:30.990 application=explorer [info] tx/per day chart: latest date 2023-01-21 23:59:59Z
2023-01-25T22:00:30.999 application=explorer [info] tx/per day chart: collect records for txs per day stats
2023-01-25T22:00:30.999 application=explorer [info] tx/per day chart: earliest date 2023-01-22 00:00:00Z
2023-01-25T22:00:30.999 application=explorer [info] tx/per day chart: latest date 2023-01-22 23:59:59Z
2023-01-25T22:00:31.002 application=explorer [info] tx/per day chart: collect records for txs per day stats
2023-01-25T22:00:31.002 application=explorer [info] tx/per day chart: earliest date 2023-01-23 00:00:00Z
2023-01-25T22:00:31.002 application=explorer [info] tx/per day chart: latest date 2023-01-23 23:59:59Z
2023-01-25T22:12:39.673 application=explorer [info] tx/per day chart: collect records for txs per day stats
2023-01-25T22:12:39.673 application=explorer [info] tx/per day chart: earliest date 2023-01-16 00:00:00Z
2023-01-25T22:12:39.673 application=explorer [info] tx/per day chart: latest date 2023-01-16 23:59:59Z
2023-01-25T22:12:39.689 application=explorer [info] tx/per day chart: collect records for txs per day stats
2023-01-25T22:12:39.689 application=explorer [info] tx/per day chart: earliest date 2023-01-17 00:00:00Z
2023-01-25T22:12:39.689 application=explorer [info] tx/per day chart: latest date 2023-01-17 23:59:59Z
2023-01-25T22:12:39.698 application=explorer [info] tx/per day chart: collect records for txs per day stats
2023-01-25T22:12:39.698 application=explorer [info] tx/per day chart: earliest date 2023-01-18 00:00:00Z
2023-01-25T22:12:39.698 application=explorer [info] tx/per day chart: latest date 2023-01-18 23:59:59Z
2023-01-25T22:12:39.705 application=explorer [info] tx/per day chart: collect records for txs per day stats
2023-01-25T22:12:39.705 application=explorer [info] tx/per day chart: earliest date 2023-01-19 00:00:00Z
2023-01-25T22:12:39.705 application=explorer [info] tx/per day chart: latest date 2023-01-19 23:59:59Z
2023-01-25T22:12:39.716 application=explorer [info] tx/per day chart: collect records for txs per day stats
2023-01-25T22:12:39.716 application=explorer [info] tx/per day chart: earliest date 2023-01-20 00:00:00Z
2023-01-25T22:12:39.716 application=explorer [info] tx/per day chart: latest date 2023-01-20 23:59:59Z
2023-01-25T22:12:39.731 application=explorer [info] tx/per day chart: collect records for txs per day stats
2023-01-25T22:12:39.731 application=explorer [info] tx/per day chart: earliest date 2023-01-21 00:00:00Z
2023-01-25T22:12:39.731 application=explorer [info] tx/per day chart: latest date 2023-01-21 23:59:59Z
2023-01-25T22:12:39.745 application=explorer [info] tx/per day chart: collect records for txs per day stats
2023-01-25T22:12:39.745 application=explorer [info] tx/per day chart: earliest date 2023-01-22 00:00:00Z
2023-01-25T22:12:39.745 application=explorer [info] tx/per day chart: latest date 2023-01-22 23:59:59Z
2023-01-25T22:12:39.752 application=explorer [info] tx/per day chart: collect records for txs per day stats
2023-01-25T22:12:39.752 application=explorer [info] tx/per day chart: earliest date 2023-01-23 00:00:00Z
2023-01-25T22:12:39.752 application=explorer [info] tx/per day chart: latest date 2023-01-23 23:59:59Z
2023-01-25T22:12:39.759 application=explorer [info] tx/per day chart: collect records for txs per day stats
2023-01-25T22:12:39.759 application=explorer [info] tx/per day chart: earliest date 2023-01-24 00:00:00Z
2023-01-25T22:12:39.759 application=explorer [info] tx/per day chart: latest date 2023-01-24 23:59:59Z
2023-01-25T22:12:39.762 application=explorer [info] tx/per day chart: collect records for txs per day stats
2023-01-25T22:12:39.763 application=explorer [info] tx/per day chart: records collected [%{date: ~D[2023-01-24], gas_used: 0, number_of_transactions: 0, total_fee: 0}, %{date: ~D[2023-01-23], gas_used: 0, number_of_transactions: 0, total_fee: 0}, %{date: ~D[2023-01-22], gas_used: 0, number_of_transactions: 0, total_fee: 0}, %{date: ~D[2023-01-21], gas_used: 0, number_of_transactions: 0, total_fee: 0}, %{date: ~D[2023-01-20], gas_used: 0, number_of_transactions: 0, total_fee: 0}, %{date: ~D[2023-01-19], gas_used: 0, number_of_transactions: 0, total_fee: 0}, %{date: ~D[2023-01-18], gas_used: 0, number_of_transactions: 0, total_fee: 0}, %{date: ~D[2023-01-17], gas_used: 0, number_of_transactions: 0, total_fee: 0}, %{date: ~D[2023-01-16], gas_used: 0, number_of_transactions: 0, total_fee: 0}]
2023-01-25T22:12:39.763 application=explorer [info] tx/per day chart: save records
2023-01-25T22:12:39.766 application=explorer [info] tx/per day chart: number of inserted 10
2023-01-25T22:14:39.641 application=explorer [warn] Failed to fetch genesis data. Chain spec path is not set.
2023-01-25T22:29:42.386 application=explorer [info] tx/per day chart: collect records for txs per day stats
2023-01-25T22:29:42.386 application=explorer [info] tx/per day chart: earliest date 2023-01-16 00:00:00Z
2023-01-25T22:29:42.386 application=explorer [info] tx/per day chart: latest date 2023-01-16 23:59:59Z
2023-01-25T22:29:42.457 application=explorer [info] tx/per day chart: collect records for txs per day stats
2023-01-25T22:29:42.457 application=explorer [info] tx/per day chart: earliest date 2023-01-17 00:00:00Z
2023-01-25T22:29:42.457 application=explorer [info] tx/per day chart: latest date 2023-01-17 23:59:59Z
2023-01-25T22:29:42.468 application=explorer [info] tx/per day chart: collect records for txs per day stats
2023-01-25T22:29:42.468 application=explorer [info] tx/per day chart: earliest date 2023-01-18 00:00:00Z
2023-01-25T22:29:42.468 application=explorer [info] tx/per day chart: latest date 2023-01-18 23:59:59Z
2023-01-25T22:29:42.480 application=explorer [info] tx/per day chart: collect records for txs per day stats
2023-01-25T22:29:42.480 application=explorer [info] tx/per day chart: earliest date 2023-01-19 00:00:00Z
2023-01-25T22:29:42.480 application=explorer [info] tx/per day chart: latest date 2023-01-19 23:59:59Z
2023-01-25T22:29:42.485 application=explorer [info] tx/per day chart: collect records for txs per day stats
2023-01-25T22:29:42.485 application=explorer [info] tx/per day chart: earliest date 2023-01-20 00:00:00Z
2023-01-25T22:29:42.485 application=explorer [info] tx/per day chart: latest date 2023-01-20 23:59:59Z
2023-01-25T22:29:42.494 application=explorer [info] tx/per day chart: collect records for txs per day stats
2023-01-25T22:29:42.494 application=explorer [info] tx/per day chart: earliest date 2023-01-21 00:00:00Z
2023-01-25T22:29:42.494 application=explorer [info] tx/per day chart: latest date 2023-01-21 23:59:59Z
2023-01-25T22:29:42.504 application=explorer [info] tx/per day chart: collect records for txs per day stats
2023-01-25T22:29:42.504 application=explorer [info] tx/per day chart: earliest date 2023-01-22 00:00:00Z
2023-01-25T22:29:42.504 application=explorer [info] tx/per day chart: latest date 2023-01-22 23:59:59Z
2023-01-25T22:29:42.511 application=explorer [info] tx/per day chart: collect records for txs per day stats
2023-01-25T22:29:42.511 application=explorer [info] tx/per day chart: earliest date 2023-01-23 00:00:00Z
2023-01-25T22:29:42.511 application=explorer [info] tx/per day chart: latest date 2023-01-23 23:59:59Z
2023-01-25T22:29:42.515 application=explorer [info] tx/per day chart: collect records for txs per day stats
2023-01-25T22:29:42.515 application=explorer [info] tx/per day chart: earliest date 2023-01-24 00:00:00Z
2023-01-25T22:29:42.515 application=explorer [info] tx/per day chart: latest date 2023-01-24 23:59:59Z
2023-01-25T22:29:42.522 application=explorer [info] tx/per day chart: collect records for txs per day stats
2023-01-25T22:29:42.522 application=explorer [info] tx/per day chart: records collected [%{date: ~D[2023-01-24], gas_used: 0, number_of_transactions: 0, total_fee: 0}, %{date: ~D[2023-01-23], gas_used: 0, number_of_transactions: 0, total_fee: 0}, %{date: ~D[2023-01-22], gas_used: 0, number_of_transactions: 0, total_fee: 0}, %{date: ~D[2023-01-21], gas_used: 0, number_of_transactions: 0, total_fee: 0}, %{date: ~D[2023-01-20], gas_used: 0, number_of_transactions: 0, total_fee: 0}, %{date: ~D[2023-01-19], gas_used: 0, number_of_transactions: 0, total_fee: 0}, %{date: ~D[2023-01-18], gas_used: 0, number_of_transactions: 0, total_fee: 0}, %{date: ~D[2023-01-17], gas_used: 0, number_of_transactions: 0, total_fee: 0}, %{date: ~D[2023-01-16], gas_used: 0, number_of_transactions: 0, total_fee: 0}]
2023-01-25T22:29:42.522 application=explorer [info] tx/per day chart: save records
2023-01-25T22:29:42.526 application=explorer [info] tx/per day chart: number of inserted 10
2023-01-25T22:31:42.369 application=explorer [warn] Failed to fetch genesis data. Chain spec path is not set.
2023-01-25T22:59:42.527 application=explorer [info] tx/per day chart: collect records for txs per day stats
2023-01-25T22:59:42.527 application=explorer [info] tx/per day chart: earliest date 2023-01-24 00:00:00Z
2023-01-25T22:59:42.527 application=explorer [info] tx/per day chart: latest date 2023-01-24 23:59:59Z
2023-01-25T22:59:42.533 application=explorer [info] tx/per day chart: collect records for txs per day stats
2023-01-25T22:59:42.533 application=explorer [info] tx/per day chart: records collected [%{date: ~D[2023-01-24], gas_used: 0, number_of_transactions: 0, total_fee: 0}]
2023-01-25T22:59:42.533 application=explorer [info] tx/per day chart: save records
2023-01-25T22:59:42.540 application=explorer [info] tx/per day chart: number of inserted 2
2023-01-25T23:29:42.541 application=explorer [info] tx/per day chart: collect records for txs per day stats
2023-01-25T23:29:42.541 application=explorer [info] tx/per day chart: earliest date 2023-01-24 00:00:00Z
2023-01-25T23:29:42.541 application=explorer [info] tx/per day chart: latest date 2023-01-24 23:59:59Z
2023-01-25T23:29:42.551 application=explorer [info] tx/per day chart: collect records for txs per day stats
2023-01-25T23:29:42.551 application=explorer [info] tx/per day chart: records collected [%{date: ~D[2023-01-24], gas_used: 0, number_of_transactions: 0, total_fee: 0}]
2023-01-25T23:29:42.551 application=explorer [info] tx/per day chart: save records
2023-01-25T23:29:42.554 application=explorer [info] tx/per day chart: number of inserted 2
